<?xml version="1.0" encoding="UTF-8"?>
<!-- Generated by org.testng.reporters.JUnitXMLReporter -->
<testsuite ignored="0" hostname="DESKTOP-DDFM2CK" failures="0" tests="16" name="Command line test" time="0.141" errors="0" timestamp="2023-07-05T19:27:54 IST">
  <testcase classname="com.maroti.guru99.RegisterTest" name="@BeforeTest setup" time="-1.68856547465E9">
    <failure type="org.testng.TestNGException" message="
Parameter &amp;apos;browser&amp;apos; is required by BeforeTest on method setup but has not been marked @Optional or defined
">
      <![CDATA[org.testng.TestNGException: 
Parameter 'browser' is required by BeforeTest on method setup but has not been marked @Optional or defined

... Removed 29 stack frames]]>
    </failure>
  </testcase> <!-- @BeforeTest setup -->
  <testcase classname="com.maroti.saucedemo.services.SaucedemoTest" name="@BeforeClass setUp" time="0.0">
    <skipped/>
  </testcase> <!-- @BeforeClass setUp -->
  <testcase classname="com.maroti.saucedemo.services.SaucedemoTest" name="@AfterClass tearDown" time="0.0">
    <skipped/>
  </testcase> <!-- @AfterClass tearDown -->
  <testcase classname="com.maroti.guru99.RegisterTest" name="contactInfo" time="0.0">
    <skipped/>
  </testcase> <!-- contactInfo -->
  <testcase classname="com.maroti.saucedemo.services.SaucedemoTest" name="testLogin" time="0.0">
    <skipped/>
  </testcase> <!-- testLogin -->
  <testcase classname="com.maroti.saucedemo.services.SaucedemoTest" name="captureHomePageTitle" time="0.001">
    <skipped/>
  </testcase> <!-- captureHomePageTitle -->
  <testcase classname="com.maroti.saucedemo.services.SaucedemoTest" name="captureHomePageUrl" time="0.0">
    <skipped/>
  </testcase> <!-- captureHomePageUrl -->
  <testcase classname="com.maroti.saucedemo.services.SaucedemoTest" name="testAddItemToCart" time="0.0">
    <skipped/>
  </testcase> <!-- testAddItemToCart -->
  <testcase classname="com.maroti.saucedemo.services.SaucedemoTest" name="testCheckOut" time="0.0">
    <skipped/>
  </testcase> <!-- testCheckOut -->
  <testcase classname="com.maroti.saucedemo.services.SaucedemoTest" name="testDeliver" time="0.0">
    <skipped/>
  </testcase> <!-- testDeliver -->
  <testcase classname="com.maroti.saucedemo.services.SaucedemoTest" name="testFinish" time="0.0">
    <skipped/>
  </testcase> <!-- testFinish -->
  <testcase classname="com.maroti.saucedemo.services.SaucedemoTest" name="verifyTitle" time="0.0">
    <skipped/>
  </testcase> <!-- verifyTitle -->
  <testcase classname="com.maroti.guru99.RegisterTest" name="mailingInfo" time="0.0">
    <skipped/>
  </testcase> <!-- mailingInfo -->
  <testcase classname="com.maroti.guru99.RegisterTest" name="userInformation" time="0.0">
    <skipped/>
  </testcase> <!-- userInformation -->
  <testcase classname="com.maroti.guru99.RegisterTest" name="submit" time="0.0">
    <skipped/>
  </testcase> <!-- submit -->
  <testcase classname="com.maroti.guru99.RegisterSuccessTest" name="registerSuccess" time="0.0">
    <skipped/>
  </testcase> <!-- registerSuccess -->
  <testcase classname="com.maroti.guru99.LoginTest" name="userInfoTest" time="0.0">
    <skipped/>
  </testcase> <!-- userInfoTest -->
  <testcase classname="com.maroti.guru99.LoginTest" name="clickLoginLink" time="0.001">
    <skipped/>
  </testcase> <!-- clickLoginLink -->
  <testcase classname="com.maroti.guru99.LoginTest" name="login" time="0.0">
    <skipped/>
  </testcase> <!-- login -->
</testsuite> <!-- Command line test -->
