<!DOCTYPE html PUBLIC "-//W3C//DTD XHTML 1.1//EN" "https://www.w3.org/TR/xhtml11/DTD/xhtml11.dtd">
<html xmlns="https://www.w3.org/1999/xhtml">
<head>
<meta http-equiv="content-type" content="text/html; charset=UTF-8"/>
<title>TestNG Report</title>
<style type="text/css">table {margin-bottom:10px;border-collapse:collapse;empty-cells:show}th,td {border:1px solid #009;padding:.25em .5em}th {vertical-align:bottom}td {vertical-align:top}table a {font-weight:bold}.stripe td {background-color: #E6EBF9}.num {text-align:right}.passedodd td {background-color: #3F3}.passedeven td {background-color: #0A0}.skippedodd td {background-color: #DDD}.skippedeven td {background-color: #CCC}.failedodd td,.attn {background-color: #F33}.failedeven td,.stripe .attn {background-color: #D00}.stacktrace {white-space:pre;font-family:monospace}.totop {font-size:85%;text-align:center;border-bottom:2px solid #000}.invisible {display:none}</style>
</head>
<body>
<table>
<tr><th>Test</th><th># Passed</th><th># Skipped</th><th># Retried</th><th># Failed</th><th>Time (ms)</th><th>Included Groups</th><th>Excluded Groups</th></tr>
<tr><th colspan="8">Command line suite</th></tr>
<tr><td><a href="#t0">Command line test</a></td><td class="num">0</td><td class="num attn">16</td><td class="num">0</td><td class="num">0</td><td class="num">141</td><td></td><td></td></tr>
</table>
<table id='summary'><thead><tr><th>Class</th><th>Method</th><th>Start</th><th>Time (ms)</th></tr></thead><tbody><tr><th colspan="4">Command line suite</th></tr></tbody><tbody id="t0"><tr><th colspan="4">Command line test &#8212; failed (configuration methods)</th></tr><tr class="failedeven"><td rowspan="1">com.maroti.guru99.RegisterTest</td><td><a href="#m0">setup</a></td><td rowspan="1">1688565474650</td><td rowspan="1">-1688565474650</td></tr><tr><th colspan="4">Command line test &#8212; skipped (configuration methods)</th></tr><tr class="skippedeven"><td rowspan="2">com.maroti.saucedemo.services.SaucedemoTest</td><td><a href="#m1">setUp</a></td><td rowspan="1">1688565474743</td><td rowspan="1">0</td></tr><tr class="skippedeven"><td><a href="#m2">tearDown</a></td><td rowspan="1">1688565474759</td><td rowspan="1">0</td></tr><tr><th colspan="4">Command line test &#8212; skipped</th></tr><tr class="skippedeven"><td rowspan="3">com.maroti.guru99.LoginTest</td><td><a href="#m3">clickLoginLink</a></td><td rowspan="1">1688565474774</td><td rowspan="1">1</td></tr><tr class="skippedeven"><td><a href="#m4">login</a></td><td rowspan="1">1688565474777</td><td rowspan="1">0</td></tr><tr class="skippedeven"><td><a href="#m5">userInfoTest</a></td><td rowspan="1">1688565474773</td><td rowspan="1">0</td></tr><tr class="skippedodd"><td rowspan="1">com.maroti.guru99.RegisterSuccessTest</td><td><a href="#m6">registerSuccess</a></td><td rowspan="1">1688565474771</td><td rowspan="1">0</td></tr><tr class="skippedeven"><td rowspan="4">com.maroti.guru99.RegisterTest</td><td><a href="#m7">contactInfo</a></td><td rowspan="1">1688565474732</td><td rowspan="1">0</td></tr><tr class="skippedeven"><td><a href="#m8">mailingInfo</a></td><td rowspan="1">1688565474761</td><td rowspan="1">0</td></tr><tr class="skippedeven"><td><a href="#m9">submit</a></td><td rowspan="1">1688565474766</td><td rowspan="1">0</td></tr><tr class="skippedeven"><td><a href="#m10">userInformation</a></td><td rowspan="1">1688565474764</td><td rowspan="1">0</td></tr><tr class="skippedodd"><td rowspan="8">com.maroti.saucedemo.services.SaucedemoTest</td><td><a href="#m11">captureHomePageTitle</a></td><td rowspan="1">1688565474746</td><td rowspan="1">1</td></tr><tr class="skippedodd"><td><a href="#m12">captureHomePageUrl</a></td><td rowspan="1">1688565474748</td><td rowspan="1">0</td></tr><tr class="skippedodd"><td><a href="#m13">testAddItemToCart</a></td><td rowspan="1">1688565474752</td><td rowspan="1">0</td></tr><tr class="skippedodd"><td><a href="#m14">testCheckOut</a></td><td rowspan="1">1688565474753</td><td rowspan="1">0</td></tr><tr class="skippedodd"><td><a href="#m15">testDeliver</a></td><td rowspan="1">1688565474755</td><td rowspan="1">0</td></tr><tr class="skippedodd"><td><a href="#m16">testFinish</a></td><td rowspan="1">1688565474756</td><td rowspan="1">0</td></tr><tr class="skippedodd"><td><a href="#m17">testLogin</a></td><td rowspan="1">1688565474745</td><td rowspan="1">0</td></tr><tr class="skippedodd"><td><a href="#m18">verifyTitle</a></td><td rowspan="1">1688565474757</td><td rowspan="1">0</td></tr></tbody>
</table>
<h2>Command line test</h2><h3 id="m0">com.maroti.guru99.RegisterTest#setup</h3><table class="result"><tr><th>Exception</th></tr><tr><td><div class="stacktrace">org.testng.TestNGException: 
Parameter &apos;browser&apos; is required by BeforeTest on method setup but has not been marked @Optional or defined

... Removed 29 stack frames</div></td></tr></table><p class="totop"><a href="#summary">back to summary</a></p>
<h3 id="m1">com.maroti.saucedemo.services.SaucedemoTest#setUp</h3><table class="result"><tr><th class="invisible"/></tr></table><p class="totop"><a href="#summary">back to summary</a></p>
<h3 id="m2">com.maroti.saucedemo.services.SaucedemoTest#tearDown</h3><table class="result"><tr><th class="invisible"/></tr></table><p class="totop"><a href="#summary">back to summary</a></p>
<h3 id="m3">com.maroti.guru99.LoginTest#clickLoginLink</h3><table class="result"><tr><th>Exception</th></tr><tr><td><div class="stacktrace">java.lang.Throwable: Method LoginTest.clickLoginLink(org.openqa.selenium.WebDriver)[pri:2, instance:com.maroti.guru99.LoginTest@475e586c] depends on not successfully finished methods in group &quot;success&quot;
	at java.base/java.util.ArrayList.forEach(ArrayList.java:1511)
... Removed 26 stack frames</div></td></tr></table><p class="totop"><a href="#summary">back to summary</a></p>
<h3 id="m4">com.maroti.guru99.LoginTest#login</h3><table class="result"><tr><th>Exception</th></tr><tr><td><div class="stacktrace">java.lang.Throwable: Method LoginTest.login(org.openqa.selenium.WebDriver)[pri:3, instance:com.maroti.guru99.LoginTest@475e586c] depends on not successfully finished methods in group &quot;success&quot;
	at java.base/java.util.ArrayList.forEach(ArrayList.java:1511)
... Removed 26 stack frames</div></td></tr></table><p class="totop"><a href="#summary">back to summary</a></p>
<h3 id="m5">com.maroti.guru99.LoginTest#userInfoTest</h3><table class="result"><tr><th>Exception</th></tr><tr><td><div class="stacktrace">java.lang.Throwable: Method LoginTest.userInfoTest(java.lang.String,java.lang.String)[pri:1, instance:com.maroti.guru99.LoginTest@475e586c] depends on not successfully finished methods in group &quot;success&quot;
	at java.base/java.util.ArrayList.forEach(ArrayList.java:1511)
... Removed 26 stack frames</div></td></tr></table><p class="totop"><a href="#summary">back to summary</a></p>
<h3 id="m6">com.maroti.guru99.RegisterSuccessTest#registerSuccess</h3><table class="result"><tr><th>Exception</th></tr><tr><td><div class="stacktrace">java.lang.Throwable: Method RegisterSuccessTest.registerSuccess(org.openqa.selenium.WebDriver)[pri:0, instance:com.maroti.guru99.RegisterSuccessTest@b62fe6d] depends on not successfully finished methods in group &quot;register&quot;
	at java.base/java.util.ArrayList.forEach(ArrayList.java:1511)
... Removed 26 stack frames</div></td></tr></table><p class="totop"><a href="#summary">back to summary</a></p>
<h3 id="m7">com.maroti.guru99.RegisterTest#contactInfo</h3><table class="result"><tr><th>Exception</th></tr><tr><td><div class="stacktrace">org.testng.TestNGException: 
Parameter &apos;browser&apos; is required by BeforeTest on method setup but has not been marked @Optional or defined

... Removed 29 stack frames</div></td></tr></table><p class="totop"><a href="#summary">back to summary</a></p>
<h3 id="m8">com.maroti.guru99.RegisterTest#mailingInfo</h3><table class="result"><tr><th>Exception</th></tr><tr><td><div class="stacktrace">org.testng.TestNGException: 
Parameter &apos;browser&apos; is required by BeforeTest on method setup but has not been marked @Optional or defined

... Removed 29 stack frames</div></td></tr></table><p class="totop"><a href="#summary">back to summary</a></p>
<h3 id="m9">com.maroti.guru99.RegisterTest#submit</h3><table class="result"><tr><th>Exception</th></tr><tr><td><div class="stacktrace">org.testng.TestNGException: 
Parameter &apos;browser&apos; is required by BeforeTest on method setup but has not been marked @Optional or defined

... Removed 29 stack frames</div></td></tr></table><p class="totop"><a href="#summary">back to summary</a></p>
<h3 id="m10">com.maroti.guru99.RegisterTest#userInformation</h3><table class="result"><tr><th>Exception</th></tr><tr><td><div class="stacktrace">org.testng.TestNGException: 
Parameter &apos;browser&apos; is required by BeforeTest on method setup but has not been marked @Optional or defined

... Removed 29 stack frames</div></td></tr></table><p class="totop"><a href="#summary">back to summary</a></p>
<h3 id="m11">com.maroti.saucedemo.services.SaucedemoTest#captureHomePageTitle</h3><table class="result"><tr><th>Exception</th></tr><tr><td><div class="stacktrace">org.testng.TestNGException: 
Parameter &apos;browser&apos; is required by BeforeTest on method setup but has not been marked @Optional or defined

... Removed 29 stack frames</div></td></tr></table><p class="totop"><a href="#summary">back to summary</a></p>
<h3 id="m12">com.maroti.saucedemo.services.SaucedemoTest#captureHomePageUrl</h3><table class="result"><tr><th>Exception</th></tr><tr><td><div class="stacktrace">org.testng.TestNGException: 
Parameter &apos;browser&apos; is required by BeforeTest on method setup but has not been marked @Optional or defined

... Removed 29 stack frames</div></td></tr></table><p class="totop"><a href="#summary">back to summary</a></p>
<h3 id="m13">com.maroti.saucedemo.services.SaucedemoTest#testAddItemToCart</h3><table class="result"><tr><th>Exception</th></tr><tr><td><div class="stacktrace">java.lang.Throwable: Method com.maroti.saucedemo.services.SaucedemoTest.testAddItemToCart() on instance com.maroti.saucedemo.services.SaucedemoTest@1e730495 depends on not successfully finished methods 
[com.maroti.saucedemo.services.SaucedemoTest.testLogin() on instance com.maroti.saucedemo.services.SaucedemoTest@1e730495]
	at java.base/java.util.ArrayList.forEach(ArrayList.java:1511)
... Removed 26 stack frames</div></td></tr></table><p class="totop"><a href="#summary">back to summary</a></p>
<h3 id="m14">com.maroti.saucedemo.services.SaucedemoTest#testCheckOut</h3><table class="result"><tr><th>Exception</th></tr><tr><td><div class="stacktrace">java.lang.Throwable: Method com.maroti.saucedemo.services.SaucedemoTest.testCheckOut() on instance com.maroti.saucedemo.services.SaucedemoTest@1e730495 depends on not successfully finished methods 
[com.maroti.saucedemo.services.SaucedemoTest.testAddItemToCart() on instance com.maroti.saucedemo.services.SaucedemoTest@1e730495]
	at java.base/java.util.ArrayList.forEach(ArrayList.java:1511)
... Removed 26 stack frames</div></td></tr></table><p class="totop"><a href="#summary">back to summary</a></p>
<h3 id="m15">com.maroti.saucedemo.services.SaucedemoTest#testDeliver</h3><table class="result"><tr><th>Exception</th></tr><tr><td><div class="stacktrace">java.lang.Throwable: Method com.maroti.saucedemo.services.SaucedemoTest.testDeliver() on instance com.maroti.saucedemo.services.SaucedemoTest@1e730495 depends on not successfully finished methods 
[com.maroti.saucedemo.services.SaucedemoTest.testCheckOut() on instance com.maroti.saucedemo.services.SaucedemoTest@1e730495]
	at java.base/java.util.ArrayList.forEach(ArrayList.java:1511)
... Removed 26 stack frames</div></td></tr></table><p class="totop"><a href="#summary">back to summary</a></p>
<h3 id="m16">com.maroti.saucedemo.services.SaucedemoTest#testFinish</h3><table class="result"><tr><th>Exception</th></tr><tr><td><div class="stacktrace">java.lang.Throwable: Method com.maroti.saucedemo.services.SaucedemoTest.testFinish() on instance com.maroti.saucedemo.services.SaucedemoTest@1e730495 depends on not successfully finished methods 
[com.maroti.saucedemo.services.SaucedemoTest.testDeliver() on instance com.maroti.saucedemo.services.SaucedemoTest@1e730495]
	at java.base/java.util.ArrayList.forEach(ArrayList.java:1511)
... Removed 26 stack frames</div></td></tr></table><p class="totop"><a href="#summary">back to summary</a></p>
<h3 id="m17">com.maroti.saucedemo.services.SaucedemoTest#testLogin</h3><table class="result"><tr><th>Exception</th></tr><tr><td><div class="stacktrace">org.testng.TestNGException: 
Parameter &apos;browser&apos; is required by BeforeTest on method setup but has not been marked @Optional or defined

... Removed 29 stack frames</div></td></tr></table><p class="totop"><a href="#summary">back to summary</a></p>
<h3 id="m18">com.maroti.saucedemo.services.SaucedemoTest#verifyTitle</h3><table class="result"><tr><th>Exception</th></tr><tr><td><div class="stacktrace">java.lang.Throwable: Method com.maroti.saucedemo.services.SaucedemoTest.verifyTitle() on instance com.maroti.saucedemo.services.SaucedemoTest@1e730495 depends on not successfully finished methods 
[com.maroti.saucedemo.services.SaucedemoTest.testFinish() on instance com.maroti.saucedemo.services.SaucedemoTest@1e730495]
	at java.base/java.util.ArrayList.forEach(ArrayList.java:1511)
... Removed 26 stack frames</div></td></tr></table><p class="totop"><a href="#summary">back to summary</a></p>
</body>
</html>
